1777084124537:Virtual thread to a 10 year old kid
1777255023592:x "Explain Path and Files class in java to me as a beginer" -p
1777255545039:x "Explian Path and Files class in java to me as a 10Year old guy"
1777255563916:x "Explian Path and Files class in java to me as a 10Year old guy" -p
1777256185558:x "Explain Path and Files in java to me as a 10years old kid"  -p
1777280210928:x "Explain Path and Files in java to me as a beginner" -p
1777280471138:x "Explain embabel" -p
1777280852905:x "Explain are backend and api same" -p
1777431469057:x "Get started embabel" -p
1777431666114:x "How to start embabel" -p
1777431760306:x "explain the difference between embabel and spring ai" -p
1777432452815:x "Explain embabel and what are the possibilities with it" -p
1777458316453:x "Explain Files and Path class in depth" -p
1777459722866:x "How to get started spring boot" -p
1778340898489:x "Explain How to getting started embabel" p
1778340920832:x "Explain How to getting started embabel" -p
1778341480166:x "How to getting started embabel" -p
1778341550066:x "Explain How to getting started embabel" -p
1778341635063:x "write a blog post about explain how to getting started" -p
1778341843429:x "Explain how to getting started embabel" -p
1778372794785:x "Write a blog post about embabel" -p
1778373570331:x "write a blog post about embabel" -p\\
